# JRE version: Java(TM) SE Runtime Environment (8.0_151-b12) (build 1.8.0_151-b12)
# Java VM: Java HotSpot(TM) 64-Bit Server VM (25.151-b12 mixed mode windows-amd64 compressed oops)
Heap:
 PSYoungGen      total 18944K, used 13090K [0x00000000eaf80000, 0x00000000ec480000, 0x0000000100000000)
  eden space 16384K, 64% used [0x00000000eaf80000,0x00000000eb9cc9d8,0x00000000ebf80000)
  from space 2560K, 99% used [0x00000000ebf80000,0x00000000ec1fc150,0x00000000ec200000)
  to   space 2560K, 0% used [0x00000000ec200000,0x00000000ec200000,0x00000000ec480000)
 ParOldGen       total 44032K, used 20646K [0x00000000c0e00000, 0x00000000c3900000, 0x00000000eaf80000)
  object space 44032K, 46% used [0x00000000c0e00000,0x00000000c22299f0,0x00000000c3900000)
 Metaspace       used 15083K, capacity 15278K, committed 15616K, reserved 1062912K
  class space    used 1661K, capacity 1749K, committed 1792K, reserved 1048576K
GC Heap History (6 events):
Event: 2.791 GC heap before
{Heap before GC invocations=1 (full 0):
 PSYoungGen      total 18944K, used 16384K [0x00000000eaf80000, 0x00000000ec480000, 0x0000000100000000)
  eden space 16384K, 100% used [0x00000000eaf80000,0x00000000ebf80000,0x00000000ebf80000)
  from space 2560K, 0% used [0x00000000ec200000,0x00000000ec200000,0x00000000ec480000)
  to   space 2560K, 0% used [0x00000000ebf80000,0x00000000ebf80000,0x00000000ec200000)
 ParOldGen       total 44032K, used 0K [0x00000000c0e00000, 0x00000000c3900000, 0x00000000eaf80000)
  object space 44032K, 0% used [0x00000000c0e00000,0x00000000c0e00000,0x00000000c3900000)
 Metaspace       used 14165K, capacity 14412K, committed 14592K, reserved 1062912K
  class space    used 1627K, capacity 1706K, committed 1792K, reserved 1048576K
Event: 2.796 GC heap after
Heap after GC invocations=1 (full 0):
 PSYoungGen      total 18944K, used 2528K [0x00000000eaf80000, 0x00000000ec480000, 0x0000000100000000)
  eden space 16384K, 0% used [0x00000000eaf80000,0x00000000eaf80000,0x00000000ebf80000)
  from space 2560K, 98% used [0x00000000ebf80000,0x00000000ec1f8020,0x00000000ec200000)
  to   space 2560K, 0% used [0x00000000ec200000,0x00000000ec200000,0x00000000ec480000)
 ParOldGen       total 44032K, used 1811K [0x00000000c0e00000, 0x00000000c3900000, 0x00000000eaf80000)
  object space 44032K, 4% used [0x00000000c0e00000,0x00000000c0fc4ed8,0x00000000c3900000)
 Metaspace       used 14165K, capacity 14412K, committed 14592K, reserved 1062912K
  class space    used 1627K, capacity 1706K, committed 1792K, reserved 1048576K
}
Event: 41.062 GC heap before
{Heap before GC invocations=2 (full 0):
 PSYoungGen      total 18944K, used 18912K [0x00000000eaf80000, 0x00000000ec480000, 0x0000000100000000)
  eden space 16384K, 100% used [0x00000000eaf80000,0x00000000ebf80000,0x00000000ebf80000)
  from space 2560K, 98% used [0x00000000ebf80000,0x00000000ec1f8020,0x00000000ec200000)
  to   space 2560K, 0% used [0x00000000ec200000,0x00000000ec200000,0x00000000ec480000)
 ParOldGen       total 44032K, used 1811K [0x00000000c0e00000, 0x00000000c3900000, 0x00000000eaf80000)
  object space 44032K, 4% used [0x00000000c0e00000,0x00000000c0fc4ed8,0x00000000c3900000)
 Metaspace       used 14741K, capacity 14916K, committed 15104K, reserved 1062912K
  class space    used 1642K, capacity 1714K, committed 1792K, reserved 1048576K
Event: 41.068 GC heap after
Heap after GC invocations=2 (full 0):
 PSYoungGen      total 18944K, used 2528K [0x00000000eaf80000, 0x00000000ec480000, 0x0000000100000000)
  eden space 16384K, 0% used [0x00000000eaf80000,0x00000000eaf80000,0x00000000ebf80000)
  from space 2560K, 98% used [0x00000000ec200000,0x00000000ec4781a0,0x00000000ec480000)
  to   space 2560K, 0% used [0x00000000ebf80000,0x00000000ebf80000,0x00000000ec200000)
 ParOldGen       total 44032K, used 3331K [0x00000000c0e00000, 0x00000000c3900000, 0x00000000eaf80000)
  object space 44032K, 7% used [0x00000000c0e00000,0x00000000c1140ef8,0x00000000c3900000)
 Metaspace       used 14741K, capacity 14916K, committed 15104K, reserved 1062912K
  class space    used 1642K, capacity 1714K, committed 1792K, reserved 1048576K
}
Event: 79.692 GC heap before
{Heap before GC invocations=3 (full 0):
 PSYoungGen      total 18944K, used 17835K [0x00000000eaf80000, 0x00000000ec480000, 0x0000000100000000)
  eden space 16384K, 93% used [0x00000000eaf80000,0x00000000ebe72d28,0x00000000ebf80000)
  from space 2560K, 98% used [0x00000000ec200000,0x00000000ec4781a0,0x00000000ec480000)
  to   space 2560K, 0% used [0x00000000ebf80000,0x00000000ebf80000,0x00000000ec200000)
 ParOldGen       total 44032K, used 3331K [0x00000000c0e00000, 0x00000000c3900000, 0x00000000eaf80000)
  object space 44032K, 7% used [0x00000000c0e00000,0x00000000c1140ef8,0x00000000c3900000)
 Metaspace       used 15007K, capacity 15278K, committed 15616K, reserved 1062912K
  class space    used 1661K, capacity 1749K, committed 1792K, reserved 1048576K
Event: 79.705 GC heap after
Heap after GC invocations=3 (full 0):
 PSYoungGen      total 18944K, used 2544K [0x00000000eaf80000, 0x00000000ec480000, 0x0000000100000000)
  eden space 16384K, 0% used [0x00000000eaf80000,0x00000000eaf80000,0x00000000ebf80000)
  from space 2560K, 99% used [0x00000000ebf80000,0x00000000ec1fc150,0x00000000ec200000)
  to   space 2560K, 0% used [0x00000000ec200000,0x00000000ec200000,0x00000000ec480000)
 ParOldGen       total 44032K, used 20646K [0x00000000c0e00000, 0x00000000c3900000, 0x00000000eaf80000)
  object space 44032K, 46% used [0x00000000c0e00000,0x00000000c22299f0,0x00000000c3900000)
 Metaspace       used 15007K, capacity 15278K, committed 15616K, reserved 1062912K
  class space    used 1661K, capacity 1749K, committed 1792K, reserved 1048576K
}

